2025-10-14 00:36:54,496 - __main__ - ERROR - Pipeline failed: "['Amount_log', 'Amount_Customer_Age_ratio', 'Amount_Customer_Age_product'] not in index"
2025-10-14 20:55:06,286 - __main__ - ERROR - Pipeline failed: "['Amount_log', 'Amount_Customer_Age_ratio', 'Amount_Customer_Age_product'] not in index"
2025-10-14 22:09:41,242 - __main__ - INFO - MLflow configured - Experiment: fraud_detection
2025-10-14 22:09:41,242 - __main__ - INFO - Fraud Detection Pipeline initialized
2025-10-14 22:09:41,242 - __main__ - INFO - Full Fraud Detection Pipeline baþlatýlýyor...
2025-10-14 22:09:41,242 - __main__ - INFO - Synthetic fraud data oluþturuluyor...
2025-10-14 22:09:41,242 - __main__ - INFO - Data validation completed
2025-10-14 22:09:41,268 - __main__ - INFO - Data loaded - Train: 3500, Test: 1500
2025-10-14 22:09:41,269 - __main__ - INFO - Class distribution - Train: [3325  175], Test: [1425   75]
2025-10-14 22:09:41,269 - __main__ - INFO - Data preprocessing baþlatýlýyor...
2025-10-14 22:09:41,291 - __main__ - ERROR - Pipeline failed: "['Amount_log', 'Amount_Customer_Age_ratio', 'Amount_Customer_Age_product'] not in index"
2025-10-14 22:14:42,118 - __main__ - INFO - MLflow configured - Experiment: fraud_detection
2025-10-14 22:14:42,118 - __main__ - INFO - Fraud Detection Pipeline initialized
2025-10-14 22:14:42,118 - __main__ - INFO - Full Fraud Detection Pipeline baþlatýlýyor...
2025-10-14 22:14:42,118 - __main__ - INFO - Synthetic fraud data oluþturuluyor...
2025-10-14 22:14:42,134 - __main__ - INFO - Data validation completed
2025-10-14 22:14:42,148 - __main__ - INFO - Data loaded - Train: 3500, Test: 1500
2025-10-14 22:14:42,148 - __main__ - INFO - Class distribution - Train: [3325  175], Test: [1425   75]
2025-10-14 22:14:42,148 - __main__ - INFO - Data preprocessing baþlatýlýyor...
2025-10-14 22:14:42,173 - __main__ - ERROR - Pipeline failed: "['Amount_log', 'Amount_Customer_Age_ratio', 'Amount_Customer_Age_product'] not in index"
2025-10-14 22:18:14,532 - __main__ - INFO - MLflow configured - Experiment: fraud_detection
2025-10-14 22:18:14,532 - __main__ - INFO - Fraud Detection Pipeline initialized
2025-10-14 22:18:14,532 - __main__ - INFO - Full Fraud Detection Pipeline baþlatýlýyor...
2025-10-14 22:18:14,532 - __main__ - INFO - Synthetic fraud data oluþturuluyor...
2025-10-14 22:18:14,532 - __main__ - INFO - Data validation completed
2025-10-14 22:18:14,548 - __main__ - INFO - Data loaded - Train: 3500, Test: 1500
2025-10-14 22:18:14,549 - __main__ - INFO - Class distribution - Train: [3325  175], Test: [1425   75]
2025-10-14 22:18:14,549 - __main__ - INFO - Data preprocessing baþlatýlýyor...
2025-10-14 22:18:14,571 - __main__ - ERROR - Pipeline failed: "['Amount_log', 'Amount_Customer_Age_ratio', 'Amount_Customer_Age_product'] not in index"
2025-10-14 22:28:01,973 - __main__ - INFO - MLflow configured - Experiment: fraud_detection
2025-10-14 22:28:01,973 - __main__ - INFO - Fraud Detection Pipeline initialized
2025-10-14 22:28:01,973 - __main__ - INFO - Full Fraud Detection Pipeline baslatiliyor...
2025-10-14 22:28:01,973 - __main__ - INFO - Synthetic fraud data olusturuluyor...
2025-10-14 22:28:02,004 - __main__ - INFO - Data dogrulama tamamlandi
2025-10-14 22:28:02,009 - __main__ - INFO - Data yuklendi - Train: 3500, Test: 1500
2025-10-14 22:28:02,009 - __main__ - INFO - Class dagilimi - Train: [3325  175], Test: [1425   75]
2025-10-14 22:28:02,010 - __main__ - INFO - Data on isleme baslatiliyor...
2025-10-14 22:28:02,030 - __main__ - ERROR - Pipeline hatasi: "['Amount_log', 'Amount_Customer_Age_ratio', 'Amount_Customer_Age_product'] not in index"
Traceback (most recent call last):
  File "D:\Yeni Masaüstü\Kairu\Kairu_DS360\ds360bootcamp_1\hafta4\fraud-detection\src\pipeline.py", line 683, in run_full_pipeline
    self.preprocess_data()
  File "D:\Yeni Masaüstü\Kairu\Kairu_DS360\ds360bootcamp_1\hafta4\fraud-detection\src\pipeline.py", line 301, in preprocess_data
    test_processed = self.preprocessor.transform(test_data, target_col='Class')
  File "D:\Yeni Masaüstü\Kairu\Kairu_DS360\ds360bootcamp_1\hafta4\fraud-detection\src\preprocessing.py", line 289, in transform
    df_processed = self.handle_missing_values(df_processed)
  File "D:\Yeni Masaüstü\Kairu\Kairu_DS360\ds360bootcamp_1\hafta4\fraud-detection\src\preprocessing.py", line 101, in handle_missing_values
    df_processed[self.numerical_features]
  File "D:\Yeni Masaüstü\Kairu\Kairu_DS360\ds360bootcamp_1\venv_new\lib\site-packages\pandas\core\frame.py", line 4119, in __getitem__
    indexer = self.columns._get_indexer_strict(key, "columns")[1]
  File "D:\Yeni Masaüstü\Kairu\Kairu_DS360\ds360bootcamp_1\venv_new\lib\site-packages\pandas\core\indexes\base.py", line 6212, in _get_indexer_strict
    self._raise_if_missing(keyarr, indexer, axis_name)
  File "D:\Yeni Masaüstü\Kairu\Kairu_DS360\ds360bootcamp_1\venv_new\lib\site-packages\pandas\core\indexes\base.py", line 6264, in _raise_if_missing
    raise KeyError(f"{not_found} not in index")
KeyError: "['Amount_log', 'Amount_Customer_Age_ratio', 'Amount_Customer_Age_product'] not in index"
2025-10-14 22:32:05,416 - __main__ - INFO - MLflow configured - Experiment: fraud_detection
2025-10-14 22:32:05,416 - __main__ - INFO - Fraud Detection Pipeline initialized
2025-10-14 22:32:05,416 - __main__ - INFO - Full Fraud Detection Pipeline baslatiliyor...
2025-10-14 22:32:05,416 - __main__ - INFO - Synthetic fraud data olusturuluyor...
2025-10-14 22:32:05,432 - __main__ - INFO - Data dogrulama tamamlandi
2025-10-14 22:32:05,440 - __main__ - INFO - Data yuklendi - Train: 3500, Test: 1500
2025-10-14 22:32:05,441 - __main__ - INFO - Class dagilimi - Train: [3325  175], Test: [1425   75]
2025-10-14 22:32:05,442 - __main__ - INFO - Data on isleme baslatiliyor...
2025-10-14 22:32:05,486 - __main__ - INFO - On isleme tamamlandi - Feature sayisi: 17
2025-10-14 22:32:05,487 - __main__ - WARNING - SMOTE uygulama hatasi: cannot unpack non-iterable NoneType object. Dengeleme yapilmiyor.
2025-10-14 22:32:05,488 - __main__ - INFO - Class dengeleme tamamlandi (SMOTE) - Son Train boyutu: 3500
2025-10-14 22:32:05,488 - __main__ - INFO - Model egitimi baslatiliyor...
2025-10-14 22:32:05,852 - __main__ - INFO - Training random_forest...
2025-10-14 22:32:18,600 - __main__ - INFO - random_forest CV ROC-AUC: 1.0000 (+/- 0.0000)
2025-10-14 22:32:18,600 - __main__ - INFO - random_forest egitimi tamamlandi
2025-10-14 22:32:18,600 - __main__ - INFO - Training logistic_regression...
2025-10-14 22:32:24,335 - __main__ - INFO - logistic_regression CV ROC-AUC: 0.9151 (+/- 0.0968)
2025-10-14 22:32:24,335 - __main__ - INFO - logistic_regression egitimi tamamlandi
2025-10-14 22:32:24,335 - __main__ - INFO - Training isolation_forest...
2025-10-14 22:32:28,034 - __main__ - INFO - isolation_forest egitimi tamamlandi
2025-10-14 22:32:28,034 - __main__ - INFO - Training lof...
2025-10-14 22:32:28,034 - __main__ - ERROR - lof model parametre hatasi: sklearn.neighbors._lof.LocalOutlierFactor() got multiple values for keyword argument 'novelty'. Model atlaniliyor.
2025-10-14 22:32:28,034 - __main__ - INFO - Tum modeller basariyla egitildi
2025-10-14 22:32:28,047 - __main__ - INFO - Model degerlendirme baslatiliyor...
2025-10-14 22:32:28,050 - __main__ - INFO - Evaluating random_forest...
2025-10-14 22:32:31,525 - __main__ - ERROR - Pipeline hatasi: 'FraudEvaluator' object has no attribute 'print_evaluation_report'
Traceback (most recent call last):
  File "D:\Yeni Masaüstü\Kairu\Kairu_DS360\ds360bootcamp_1\hafta4\fraud-detection\src\pipeline.py", line 689, in run_full_pipeline
    self.evaluate_models()
  File "D:\Yeni Masaüstü\Kairu\Kairu_DS360\ds360bootcamp_1\hafta4\fraud-detection\src\pipeline.py", line 469, in evaluate_models
    evaluator.print_evaluation_report()
AttributeError: 'FraudEvaluator' object has no attribute 'print_evaluation_report'
2025-10-14 22:35:48,451 - __main__ - INFO - MLflow configured - Experiment: fraud_detection
2025-10-14 22:35:48,451 - __main__ - INFO - Fraud Detection Pipeline initialized
2025-10-14 22:35:48,451 - __main__ - INFO - Full Fraud Detection Pipeline baslatiliyor...
2025-10-14 22:35:48,451 - __main__ - INFO - Synthetic fraud data olusturuluyor...
2025-10-14 22:35:48,451 - __main__ - INFO - Data dogrulama tamamlandi
2025-10-14 22:35:48,451 - __main__ - INFO - Data yuklendi - Train: 3500, Test: 1500
2025-10-14 22:35:48,451 - __main__ - INFO - Class dagilimi - Train: [3325  175], Test: [1425   75]
2025-10-14 22:35:48,466 - __main__ - INFO - Data on isleme baslatiliyor...
2025-10-14 22:35:48,522 - __main__ - INFO - On isleme tamamlandi - Feature sayisi: 17
2025-10-14 22:35:48,522 - __main__ - WARNING - SMOTE uygulama hatasi: cannot unpack non-iterable NoneType object. Dengeleme yapilmiyor.
2025-10-14 22:35:48,523 - __main__ - INFO - Class dengeleme tamamlandi (SMOTE) - Son Train boyutu: 3500
2025-10-14 22:35:48,523 - __main__ - INFO - Model egitimi baslatiliyor...
2025-10-14 22:35:48,856 - __main__ - INFO - Training random_forest...
2025-10-14 22:35:58,879 - __main__ - INFO - random_forest CV ROC-AUC: 1.0000 (+/- 0.0000)
2025-10-14 22:35:58,879 - __main__ - INFO - random_forest egitimi tamamlandi
2025-10-14 22:35:58,879 - __main__ - INFO - Training logistic_regression...
2025-10-14 22:36:04,574 - __main__ - INFO - logistic_regression CV ROC-AUC: 0.9151 (+/- 0.0968)
2025-10-14 22:36:04,574 - __main__ - INFO - logistic_regression egitimi tamamlandi
2025-10-14 22:36:04,575 - __main__ - INFO - Training isolation_forest...
2025-10-14 22:36:08,094 - __main__ - INFO - isolation_forest egitimi tamamlandi
2025-10-14 22:36:08,095 - __main__ - INFO - Training lof...
2025-10-14 22:36:08,095 - __main__ - ERROR - lof model parametre hatasi: sklearn.neighbors._lof.LocalOutlierFactor() got multiple values for keyword argument 'novelty'. Model atlaniliyor.
2025-10-14 22:36:08,096 - __main__ - INFO - Tum modeller basariyla egitildi
2025-10-14 22:36:08,099 - __main__ - INFO - Model degerlendirme baslatiliyor...
2025-10-14 22:36:08,099 - __main__ - INFO - Evaluating random_forest...
2025-10-14 22:36:11,457 - __main__ - ERROR - Pipeline hatasi: 'FraudEvaluator' object has no attribute 'generate_report'
Traceback (most recent call last):
  File "D:\Yeni Masaüstü\Kairu\Kairu_DS360\ds360bootcamp_1\hafta4\fraud-detection\src\pipeline.py", line 689, in run_full_pipeline
    self.evaluate_models()
  File "D:\Yeni Masaüstü\Kairu\Kairu_DS360\ds360bootcamp_1\hafta4\fraud-detection\src\pipeline.py", line 469, in evaluate_models
    evaluator.generate_report()
AttributeError: 'FraudEvaluator' object has no attribute 'generate_report'
2025-10-14 22:38:19,036 - __main__ - INFO - MLflow configured - Experiment: fraud_detection
2025-10-14 22:38:19,036 - __main__ - INFO - Fraud Detection Pipeline initialized
2025-10-14 22:38:19,036 - __main__ - INFO - Full Fraud Detection Pipeline baslatiliyor...
2025-10-14 22:38:19,036 - __main__ - INFO - Synthetic fraud data olusturuluyor...
2025-10-14 22:38:19,052 - __main__ - INFO - Data dogrulama tamamlandi
2025-10-14 22:38:19,052 - __main__ - INFO - Data yuklendi - Train: 3500, Test: 1500
2025-10-14 22:38:19,052 - __main__ - INFO - Class dagilimi - Train: [3325  175], Test: [1425   75]
2025-10-14 22:38:19,052 - __main__ - INFO - Data on isleme baslatiliyor...
2025-10-14 22:38:19,085 - __main__ - INFO - On isleme tamamlandi - Feature sayisi: 17
2025-10-14 22:38:19,085 - __main__ - WARNING - SMOTE uygulama hatasi: cannot unpack non-iterable NoneType object. Dengeleme yapilmiyor.
2025-10-14 22:38:19,085 - __main__ - INFO - Class dengeleme tamamlandi (SMOTE) - Son Train boyutu: 3500
2025-10-14 22:38:19,085 - __main__ - INFO - Model egitimi baslatiliyor...
2025-10-14 22:38:19,419 - __main__ - INFO - Training random_forest...
2025-10-14 22:38:28,819 - __main__ - INFO - random_forest CV ROC-AUC: 1.0000 (+/- 0.0000)
2025-10-14 22:38:28,819 - __main__ - INFO - random_forest egitimi tamamlandi
2025-10-14 22:38:28,819 - __main__ - INFO - Training logistic_regression...
2025-10-14 22:38:34,381 - __main__ - INFO - logistic_regression CV ROC-AUC: 0.9151 (+/- 0.0968)
2025-10-14 22:38:34,381 - __main__ - INFO - logistic_regression egitimi tamamlandi
2025-10-14 22:38:34,381 - __main__ - INFO - Training isolation_forest...
2025-10-14 22:38:37,893 - __main__ - INFO - isolation_forest egitimi tamamlandi
2025-10-14 22:38:37,893 - __main__ - INFO - Training lof...
2025-10-14 22:38:37,908 - __main__ - ERROR - lof model parametre hatasi: sklearn.neighbors._lof.LocalOutlierFactor() got multiple values for keyword argument 'novelty'. Model atlaniliyor.
2025-10-14 22:38:37,908 - __main__ - INFO - Tum modeller basariyla egitildi
2025-10-14 22:38:37,911 - __main__ - INFO - Model degerlendirme baslatiliyor...
2025-10-14 22:38:37,911 - __main__ - INFO - Evaluating random_forest...
2025-10-14 22:38:41,369 - __main__ - ERROR - Pipeline hatasi: 'FraudEvaluator' object has no attribute 'report'
Traceback (most recent call last):
  File "D:\Yeni Masaüstü\Kairu\Kairu_DS360\ds360bootcamp_1\hafta4\fraud-detection\src\pipeline.py", line 689, in run_full_pipeline
    self.evaluate_models()
  File "D:\Yeni Masaüstü\Kairu\Kairu_DS360\ds360bootcamp_1\hafta4\fraud-detection\src\pipeline.py", line 469, in evaluate_models
    evaluator.report()
AttributeError: 'FraudEvaluator' object has no attribute 'report'
2025-10-14 22:39:19,641 - __main__ - INFO - MLflow configured - Experiment: fraud_detection
2025-10-14 22:39:19,642 - __main__ - INFO - Fraud Detection Pipeline initialized
2025-10-14 22:39:19,642 - __main__ - INFO - Full Fraud Detection Pipeline baslatiliyor...
2025-10-14 22:39:19,643 - __main__ - INFO - Synthetic fraud data olusturuluyor...
2025-10-14 22:39:19,646 - __main__ - INFO - Data dogrulama tamamlandi
2025-10-14 22:39:19,651 - __main__ - INFO - Data yuklendi - Train: 3500, Test: 1500
2025-10-14 22:39:19,651 - __main__ - INFO - Class dagilimi - Train: [3325  175], Test: [1425   75]
2025-10-14 22:39:19,653 - __main__ - INFO - Data on isleme baslatiliyor...
2025-10-14 22:39:19,683 - __main__ - INFO - On isleme tamamlandi - Feature sayisi: 17
2025-10-14 22:39:19,683 - __main__ - WARNING - SMOTE uygulama hatasi: cannot unpack non-iterable NoneType object. Dengeleme yapilmiyor.
2025-10-14 22:39:19,684 - __main__ - INFO - Class dengeleme tamamlandi (SMOTE) - Son Train boyutu: 3500
2025-10-14 22:39:19,685 - __main__ - INFO - Model egitimi baslatiliyor...
2025-10-14 22:39:20,018 - __main__ - INFO - Training random_forest...
2025-10-14 22:39:30,018 - __main__ - INFO - random_forest CV ROC-AUC: 1.0000 (+/- 0.0000)
2025-10-14 22:39:30,018 - __main__ - INFO - random_forest egitimi tamamlandi
2025-10-14 22:39:30,018 - __main__ - INFO - Training logistic_regression...
2025-10-14 22:39:35,762 - __main__ - INFO - logistic_regression CV ROC-AUC: 0.9151 (+/- 0.0968)
2025-10-14 22:39:35,762 - __main__ - INFO - logistic_regression egitimi tamamlandi
2025-10-14 22:39:35,762 - __main__ - INFO - Training isolation_forest...
2025-10-14 22:39:39,352 - __main__ - INFO - isolation_forest egitimi tamamlandi
2025-10-14 22:39:39,352 - __main__ - INFO - Training lof...
2025-10-14 22:39:39,352 - __main__ - ERROR - lof model parametre hatasi: sklearn.neighbors._lof.LocalOutlierFactor() got multiple values for keyword argument 'novelty'. Model atlaniliyor.
2025-10-14 22:39:39,352 - __main__ - INFO - Tum modeller basariyla egitildi
2025-10-14 22:39:39,360 - __main__ - INFO - Model degerlendirme baslatiliyor...
2025-10-14 22:39:39,360 - __main__ - INFO - Evaluating random_forest...
2025-10-14 22:39:42,811 - __main__ - ERROR - Pipeline hatasi: 'FraudEvaluator' object has no attribute 'log_report'
Traceback (most recent call last):
  File "D:\Yeni Masaüstü\Kairu\Kairu_DS360\ds360bootcamp_1\hafta4\fraud-detection\src\pipeline.py", line 689, in run_full_pipeline
    self.evaluate_models()
  File "D:\Yeni Masaüstü\Kairu\Kairu_DS360\ds360bootcamp_1\hafta4\fraud-detection\src\pipeline.py", line 469, in evaluate_models
    evaluator.log_report()
AttributeError: 'FraudEvaluator' object has no attribute 'log_report'
2025-10-14 22:41:11,391 - __main__ - INFO - MLflow configured - Experiment: fraud_detection
2025-10-14 22:41:11,391 - __main__ - INFO - Fraud Detection Pipeline initialized
2025-10-14 22:41:11,391 - __main__ - INFO - Full Fraud Detection Pipeline baslatiliyor...
2025-10-14 22:41:11,391 - __main__ - INFO - Synthetic fraud data olusturuluyor...
2025-10-14 22:41:11,391 - __main__ - INFO - Data dogrulama tamamlandi
2025-10-14 22:41:11,402 - __main__ - INFO - Data yuklendi - Train: 3500, Test: 1500
2025-10-14 22:41:11,403 - __main__ - INFO - Class dagilimi - Train: [3325  175], Test: [1425   75]
2025-10-14 22:41:11,403 - __main__ - INFO - Data on isleme baslatiliyor...
2025-10-14 22:41:11,433 - __main__ - INFO - On isleme tamamlandi - Feature sayisi: 17
2025-10-14 22:41:11,435 - __main__ - WARNING - SMOTE uygulama hatasi: cannot unpack non-iterable NoneType object. Dengeleme yapilmiyor.
2025-10-14 22:41:11,435 - __main__ - INFO - Class dengeleme tamamlandi (SMOTE) - Son Train boyutu: 3500
2025-10-14 22:41:11,436 - __main__ - INFO - Model egitimi baslatiliyor...
2025-10-14 22:41:11,764 - __main__ - INFO - Training random_forest...
2025-10-14 22:41:21,641 - __main__ - INFO - random_forest CV ROC-AUC: 1.0000 (+/- 0.0000)
2025-10-14 22:41:21,641 - __main__ - INFO - random_forest egitimi tamamlandi
2025-10-14 22:41:21,641 - __main__ - INFO - Training logistic_regression...
2025-10-14 22:41:27,160 - __main__ - INFO - logistic_regression CV ROC-AUC: 0.9151 (+/- 0.0968)
2025-10-14 22:41:27,161 - __main__ - INFO - logistic_regression egitimi tamamlandi
2025-10-14 22:41:27,161 - __main__ - INFO - Training isolation_forest...
2025-10-14 22:41:30,702 - __main__ - INFO - isolation_forest egitimi tamamlandi
2025-10-14 22:41:30,702 - __main__ - INFO - Training lof...
2025-10-14 22:41:30,702 - __main__ - ERROR - lof model parametre hatasi: sklearn.neighbors._lof.LocalOutlierFactor() got multiple values for keyword argument 'novelty'. Model atlaniliyor.
2025-10-14 22:41:30,702 - __main__ - INFO - Tum modeller basariyla egitildi
2025-10-14 22:41:30,702 - __main__ - INFO - Model degerlendirme baslatiliyor...
2025-10-14 22:41:30,702 - __main__ - INFO - Evaluating random_forest...
2025-10-14 22:41:34,019 - __main__ - ERROR - Pipeline hatasi: 'FraudEvaluator' object has no attribute 'evaluate_and_log'
Traceback (most recent call last):
  File "D:\Yeni Masaüstü\Kairu\Kairu_DS360\ds360bootcamp_1\hafta4\fraud-detection\src\pipeline.py", line 689, in run_full_pipeline
    self.evaluate_models()
  File "D:\Yeni Masaüstü\Kairu\Kairu_DS360\ds360bootcamp_1\hafta4\fraud-detection\src\pipeline.py", line 469, in evaluate_models
    evaluator.evaluate_and_log()
AttributeError: 'FraudEvaluator' object has no attribute 'evaluate_and_log'
2025-10-14 22:47:29,544 - __main__ - INFO - MLflow configured - Experiment: fraud_detection
2025-10-14 22:47:29,544 - __main__ - INFO - Fraud Detection Pipeline initialized
2025-10-14 22:47:29,544 - __main__ - INFO - Full Fraud Detection Pipeline baslatiliyor...
2025-10-14 22:47:29,544 - __main__ - INFO - Synthetic fraud data olusturuluyor...
2025-10-14 22:47:29,544 - __main__ - INFO - Data dogrulama tamamlandi
2025-10-14 22:47:29,544 - __main__ - INFO - Data yuklendi - Train: 3500, Test: 1500
2025-10-14 22:47:29,560 - __main__ - INFO - Class dagilimi - Train: [3325  175], Test: [1425   75]
2025-10-14 22:47:29,560 - __main__ - INFO - Data on isleme baslatiliyor...
2025-10-14 22:47:29,594 - __main__ - INFO - On isleme tamamlandi - Feature sayisi: 17
2025-10-14 22:47:37,670 - __main__ - INFO - Class dengeleme tamamlandi (SMOTE) - Son Train boyutu: 6650
2025-10-14 22:47:37,670 - __main__ - INFO - Model egitimi baslatiliyor...
2025-10-14 22:47:37,747 - __main__ - INFO - Training random_forest...
2025-10-14 22:47:47,202 - __main__ - INFO - random_forest CV ROC-AUC: 1.0000 (+/- 0.0000)
2025-10-14 22:47:47,202 - __main__ - INFO - random_forest egitimi tamamlandi
2025-10-14 22:47:47,202 - __main__ - INFO - Training logistic_regression...
2025-10-14 22:47:52,890 - __main__ - INFO - logistic_regression CV ROC-AUC: 0.9478 (+/- 0.0837)
2025-10-14 22:47:52,891 - __main__ - INFO - logistic_regression egitimi tamamlandi
2025-10-14 22:47:52,891 - __main__ - INFO - Training isolation_forest...
2025-10-14 22:47:56,591 - __main__ - INFO - isolation_forest egitimi tamamlandi
2025-10-14 22:47:56,591 - __main__ - INFO - Training lof...
2025-10-14 22:48:00,394 - __main__ - INFO - lof egitimi tamamlandi
2025-10-14 22:48:00,394 - __main__ - INFO - Tum modeller basariyla egitildi
2025-10-14 22:48:00,403 - __main__ - INFO - Model degerlendirme baslatiliyor...
2025-10-14 22:48:00,403 - __main__ - INFO - Evaluating random_forest...
2025-10-14 22:48:03,803 - __main__ - INFO - Model Evaluation Summary:
2025-10-14 22:48:03,804 - __main__ - ERROR - Pipeline hatasi: 'FraudEvaluator' object has no attribute 'evaluation_results'
Traceback (most recent call last):
  File "D:\Yeni Masaüstü\Kairu\Kairu_DS360\ds360bootcamp_1\hafta4\fraud-detection\src\pipeline.py", line 690, in run_full_pipeline
    self.evaluate_models()
  File "D:\Yeni Masaüstü\Kairu\Kairu_DS360\ds360bootcamp_1\hafta4\fraud-detection\src\pipeline.py", line 470, in evaluate_models
    logger.info(evaluator.evaluation_results) # 'evaluation_results' veya 'results' olabilir
AttributeError: 'FraudEvaluator' object has no attribute 'evaluation_results'
2025-10-14 22:49:54,249 - __main__ - INFO - MLflow configured - Experiment: fraud_detection
2025-10-14 22:49:54,249 - __main__ - INFO - Fraud Detection Pipeline initialized
2025-10-14 22:49:54,250 - __main__ - INFO - Full Fraud Detection Pipeline baslatiliyor...
2025-10-14 22:49:54,250 - __main__ - INFO - Synthetic fraud data olusturuluyor...
2025-10-14 22:49:54,255 - __main__ - INFO - Data dogrulama tamamlandi
2025-10-14 22:49:54,258 - __main__ - INFO - Data yuklendi - Train: 3500, Test: 1500
2025-10-14 22:49:54,259 - __main__ - INFO - Class dagilimi - Train: [3325  175], Test: [1425   75]
2025-10-14 22:49:54,259 - __main__ - INFO - Data on isleme baslatiliyor...
2025-10-14 22:49:54,291 - __main__ - INFO - On isleme tamamlandi - Feature sayisi: 17
2025-10-14 22:50:01,404 - __main__ - INFO - Class dengeleme tamamlandi (SMOTE) - Son Train boyutu: 6650
2025-10-14 22:50:01,404 - __main__ - INFO - Model egitimi baslatiliyor...
2025-10-14 22:50:01,484 - __main__ - INFO - Training random_forest...
2025-10-14 22:50:11,649 - __main__ - INFO - random_forest CV ROC-AUC: 1.0000 (+/- 0.0000)
2025-10-14 22:50:11,649 - __main__ - INFO - random_forest egitimi tamamlandi
2025-10-14 22:50:11,649 - __main__ - INFO - Training logistic_regression...
2025-10-14 22:50:17,645 - __main__ - INFO - logistic_regression CV ROC-AUC: 0.9478 (+/- 0.0837)
2025-10-14 22:50:17,645 - __main__ - INFO - logistic_regression egitimi tamamlandi
2025-10-14 22:50:17,645 - __main__ - INFO - Training isolation_forest...
2025-10-14 22:50:21,263 - __main__ - INFO - isolation_forest egitimi tamamlandi
2025-10-14 22:50:21,264 - __main__ - INFO - Training lof...
2025-10-14 22:50:24,757 - __main__ - INFO - lof egitimi tamamlandi
2025-10-14 22:50:24,757 - __main__ - INFO - Tum modeller basariyla egitildi
2025-10-14 22:50:24,760 - __main__ - INFO - Model degerlendirme baslatiliyor...
2025-10-14 22:50:24,761 - __main__ - INFO - Evaluating random_forest...
2025-10-14 22:50:28,390 - __main__ - INFO - Model Evaluation Summary:
2025-10-14 22:50:28,391 - __main__ - INFO - {'roc_auc': 1.0, 'pr_auc': 1.0, 'f1_score': 1.0, 'precision': 1.0, 'recall': 1.0, 'confusion_matrix': [[1425, 0], [0, 75]]}
2025-10-14 22:50:28,391 - __main__ - INFO - Evaluating logistic_regression...
2025-10-14 22:50:31,774 - __main__ - INFO - Model Evaluation Summary:
2025-10-14 22:50:31,774 - __main__ - INFO - {'roc_auc': 0.9952748538011695, 'pr_auc': 0.9642378583959792, 'f1_score': 0.8181818181818181, 'precision': 0.7128712871287128, 'recall': 0.96, 'confusion_matrix': [[1396, 29], [3, 72]]}
2025-10-14 22:50:31,774 - __main__ - INFO - Evaluating isolation_forest...
2025-10-14 22:50:31,795 - __main__ - ERROR - isolation_forest degerlendirme hatasi: FraudEvaluator.evaluate_binary_classification() got an unexpected keyword argument 'y_pred'
2025-10-14 22:50:31,796 - __main__ - INFO - Evaluating lof...
2025-10-14 22:50:31,886 - __main__ - ERROR - lof degerlendirme hatasi: FraudEvaluator.evaluate_binary_classification() got an unexpected keyword argument 'y_pred'
2025-10-14 22:50:31,886 - __main__ - INFO - Model degerlendirme tamamlandi
2025-10-14 22:50:31,886 - __main__ - INFO - Best model: random_forest (ROC-AUC: 1.0000)
2025-10-14 22:50:31,887 - __main__ - WARNING - ModelExplainer mevcut degil - aciklanabilirlik atlaniliyor
2025-10-14 22:50:31,887 - __main__ - INFO - Full pipeline basariyla tamamlandi!
2025-10-14 23:07:03,728 - __main__ - INFO - MLflow configured - Experiment: fraud_detection
2025-10-14 23:07:03,728 - __main__ - INFO - Fraud Detection Pipeline initialized
2025-10-14 23:07:03,728 - __main__ - INFO - Full Fraud Detection Pipeline baslatiliyor...
2025-10-14 23:07:03,728 - __main__ - INFO - Synthetic fraud data olusturuluyor...
2025-10-14 23:07:03,728 - __main__ - INFO - Data dogrulama tamamlandi
2025-10-14 23:07:03,728 - __main__ - INFO - Data yuklendi - Train: 3500, Test: 1500
2025-10-14 23:07:03,728 - __main__ - INFO - Class dagilimi - Train: [3325  175], Test: [1425   75]
2025-10-14 23:07:03,728 - __main__ - INFO - Data on isleme baslatiliyor...
2025-10-14 23:07:03,774 - __main__ - INFO - On isleme tamamlandi - Feature sayisi: 17
2025-10-14 23:07:11,001 - __main__ - INFO - Class dengeleme tamamlandi (SMOTE) - Son Train boyutu: 6650
2025-10-14 23:07:11,001 - __main__ - INFO - Model egitimi baslatiliyor...
2025-10-14 23:07:11,085 - __main__ - INFO - Training random_forest...
2025-10-14 23:07:20,712 - __main__ - INFO - random_forest CV ROC-AUC: 1.0000 (+/- 0.0000)
2025-10-14 23:07:20,712 - __main__ - INFO - random_forest egitimi tamamlandi
2025-10-14 23:07:20,712 - __main__ - INFO - Training logistic_regression...
2025-10-14 23:07:26,642 - __main__ - INFO - logistic_regression CV ROC-AUC: 0.9478 (+/- 0.0837)
2025-10-14 23:07:26,642 - __main__ - INFO - logistic_regression egitimi tamamlandi
2025-10-14 23:07:26,642 - __main__ - INFO - Training isolation_forest...
2025-10-14 23:07:30,279 - __main__ - INFO - isolation_forest egitimi tamamlandi
2025-10-14 23:07:30,279 - __main__ - INFO - Training lof...
2025-10-14 23:07:33,667 - __main__ - INFO - lof egitimi tamamlandi
2025-10-14 23:07:33,667 - __main__ - INFO - Tum modeller basariyla egitildi
2025-10-14 23:07:33,672 - __main__ - INFO - Model degerlendirme baslatiliyor...
2025-10-14 23:07:33,672 - __main__ - INFO - Evaluating random_forest...
2025-10-14 23:07:36,985 - __main__ - INFO - Model Evaluation Summary:
2025-10-14 23:07:36,985 - __main__ - INFO - {'roc_auc': 1.0, 'pr_auc': 1.0, 'f1_score': 1.0, 'precision': 1.0, 'recall': 1.0, 'confusion_matrix': [[1425, 0], [0, 75]]}
2025-10-14 23:07:36,985 - __main__ - INFO - Evaluating logistic_regression...
2025-10-14 23:07:40,183 - __main__ - INFO - Model Evaluation Summary:
2025-10-14 23:07:40,183 - __main__ - INFO - {'roc_auc': 0.9952748538011695, 'pr_auc': 0.9642378583959792, 'f1_score': 0.8181818181818181, 'precision': 0.7128712871287128, 'recall': 0.96, 'confusion_matrix': [[1396, 29], [3, 72]]}
2025-10-14 23:07:40,183 - __main__ - INFO - Evaluating isolation_forest...
2025-10-14 23:07:40,215 - __main__ - ERROR - isolation_forest degerlendirme hatasi: FraudEvaluator.evaluate_binary_classification() got an unexpected keyword argument 'y_pred'
2025-10-14 23:07:40,215 - __main__ - INFO - Evaluating lof...
2025-10-14 23:07:40,303 - __main__ - ERROR - lof degerlendirme hatasi: FraudEvaluator.evaluate_binary_classification() got an unexpected keyword argument 'y_pred'
2025-10-14 23:07:40,303 - __main__ - INFO - Model degerlendirme tamamlandi
2025-10-14 23:07:40,304 - __main__ - INFO - Best model: random_forest (ROC-AUC: 1.0000)
2025-10-14 23:07:40,304 - __main__ - WARNING - ModelExplainer mevcut degil - aciklanabilirlik atlaniliyor
2025-10-14 23:07:40,304 - __main__ - INFO - Full pipeline basariyla tamamlandi!
2025-10-14 23:13:00,815 - __main__ - INFO - MLflow configured - Experiment: fraud_detection
2025-10-14 23:13:00,815 - __main__ - INFO - Fraud Detection Pipeline initialized
2025-10-14 23:13:00,815 - __main__ - INFO - Full Fraud Detection Pipeline baslatiliyor...
2025-10-14 23:13:00,815 - __main__ - INFO - Synthetic fraud data olusturuluyor...
2025-10-14 23:13:00,815 - __main__ - INFO - Data dogrulama tamamlandi
2025-10-14 23:13:00,815 - __main__ - INFO - Data yuklendi - Train: 3500, Test: 1500
2025-10-14 23:13:00,815 - __main__ - INFO - Class dagilimi - Train: [3325  175], Test: [1425   75]
2025-10-14 23:13:00,815 - __main__ - INFO - Data on isleme baslatiliyor...
2025-10-14 23:13:00,857 - __main__ - INFO - On isleme tamamlandi - Feature sayisi: 17
2025-10-14 23:13:07,957 - __main__ - INFO - Class dengeleme tamamlandi (SMOTE) - Son Train boyutu: 6650
2025-10-14 23:13:07,957 - __main__ - INFO - Model egitimi baslatiliyor...
2025-10-14 23:13:08,049 - __main__ - INFO - Training random_forest...
2025-10-14 23:13:17,893 - __main__ - INFO - random_forest CV ROC-AUC: 1.0000 (+/- 0.0000)
2025-10-14 23:13:17,894 - __main__ - INFO - random_forest egitimi tamamlandi
2025-10-14 23:13:17,894 - __main__ - INFO - Training logistic_regression...
2025-10-14 23:13:23,706 - __main__ - INFO - logistic_regression CV ROC-AUC: 0.9478 (+/- 0.0837)
2025-10-14 23:13:23,706 - __main__ - INFO - logistic_regression egitimi tamamlandi
2025-10-14 23:13:23,706 - __main__ - INFO - Training isolation_forest...
2025-10-14 23:13:27,210 - __main__ - INFO - isolation_forest egitimi tamamlandi
2025-10-14 23:13:27,210 - __main__ - INFO - Training lof...
2025-10-14 23:13:30,536 - __main__ - INFO - lof egitimi tamamlandi
2025-10-14 23:13:30,537 - __main__ - INFO - Tum modeller basariyla egitildi
2025-10-14 23:13:30,539 - __main__ - INFO - Model degerlendirme baslatiliyor...
2025-10-14 23:13:30,540 - __main__ - INFO - Evaluating random_forest...
2025-10-14 23:13:33,838 - __main__ - INFO - Model Evaluation Summary:
2025-10-14 23:13:33,838 - __main__ - INFO - {'roc_auc': 1.0, 'pr_auc': 1.0, 'f1_score': 1.0, 'precision': 1.0, 'recall': 1.0, 'confusion_matrix': [[1425, 0], [0, 75]]}
2025-10-14 23:13:33,838 - __main__ - INFO - Evaluating logistic_regression...
2025-10-14 23:13:37,049 - __main__ - INFO - Model Evaluation Summary:
2025-10-14 23:13:37,050 - __main__ - INFO - {'roc_auc': 0.9952748538011695, 'pr_auc': 0.9642378583959792, 'f1_score': 0.8181818181818181, 'precision': 0.7128712871287128, 'recall': 0.96, 'confusion_matrix': [[1396, 29], [3, 72]]}
2025-10-14 23:13:37,050 - __main__ - INFO - Evaluating isolation_forest...
2025-10-14 23:13:37,175 - __main__ - INFO - Model Evaluation Summary:
2025-10-14 23:13:37,175 - __main__ - INFO - {'roc_auc': 0.018395321637426902, 'pr_auc': 0.025881827338312353, 'f1_score': 0.0, 'precision': 0.0, 'recall': 0.0, 'confusion_matrix': [[1425, 0], [75, 0]]}
2025-10-14 23:13:37,175 - __main__ - WARNING - isolation_forest ROC-AUC (0.0184) esik degerin altinda (0.75)
2025-10-14 23:13:37,175 - __main__ - WARNING - isolation_forest PR-AUC (0.0259) esik degerin altinda (0.3)
2025-10-14 23:13:37,175 - __main__ - INFO - Evaluating lof...
2025-10-14 23:13:37,376 - __main__ - INFO - Model Evaluation Summary:
2025-10-14 23:13:37,377 - __main__ - INFO - {'roc_auc': 0.41087251461988306, 'pr_auc': 0.044105741156561434, 'f1_score': 0.0, 'precision': 0.0, 'recall': 0.0, 'confusion_matrix': [[1425, 0], [75, 0]]}
2025-10-14 23:13:37,377 - __main__ - WARNING - lof ROC-AUC (0.4109) esik degerin altinda (0.75)
2025-10-14 23:13:37,377 - __main__ - WARNING - lof PR-AUC (0.0441) esik degerin altinda (0.3)
2025-10-14 23:13:37,378 - __main__ - INFO - Model degerlendirme tamamlandi
2025-10-14 23:13:37,378 - __main__ - INFO - Best model: random_forest (ROC-AUC: 1.0000)
2025-10-14 23:13:37,378 - __main__ - WARNING - ModelExplainer mevcut degil - aciklanabilirlik atlaniliyor
2025-10-14 23:13:37,379 - __main__ - INFO - Full pipeline basariyla tamamlandi!
2025-10-14 23:20:33,828 - __main__ - INFO - MLflow configured - Experiment: fraud_detection
2025-10-14 23:20:33,828 - __main__ - INFO - Fraud Detection Pipeline initialized
2025-10-14 23:20:33,828 - __main__ - INFO - Full Fraud Detection Pipeline baslatiliyor...
2025-10-14 23:20:33,828 - __main__ - INFO - Synthetic fraud data olusturuluyor...
2025-10-14 23:20:33,847 - __main__ - INFO - Data dogrulama tamamlandi
2025-10-14 23:20:33,850 - __main__ - INFO - Data yuklendi - Train: 3500, Test: 1500
2025-10-14 23:20:33,850 - __main__ - INFO - Class dagilimi - Train: [3325  175], Test: [1425   75]
2025-10-14 23:20:33,850 - __main__ - INFO - Data on isleme baslatiliyor...
2025-10-14 23:20:33,878 - __main__ - INFO - On isleme tamamlandi - Feature sayisi: 17
2025-10-14 23:20:41,215 - __main__ - INFO - Class dengeleme tamamlandi (SMOTE) - Son Train boyutu: 6650
2025-10-14 23:20:41,215 - __main__ - INFO - Model egitimi baslatiliyor...
2025-10-14 23:20:41,301 - __main__ - INFO - Training random_forest...
2025-10-14 23:20:47,146 - __main__ - INFO - Training logistic_regression...
2025-10-14 23:20:51,391 - __main__ - INFO - Training isolation_forest...
2025-10-14 23:20:55,180 - __main__ - INFO - Training lof...
2025-10-14 23:20:58,897 - __main__ - INFO - Tum modeller basariyla egitildi
2025-10-14 23:20:58,901 - __main__ - INFO - Model degerlendirme baslatiliyor...
2025-10-14 23:20:58,901 - __main__ - INFO - Evaluating random_forest...
2025-10-14 23:21:02,321 - __main__ - INFO - Model Evaluation Summary:
2025-10-14 23:21:02,321 - __main__ - INFO - {'roc_auc': 1.0, 'pr_auc': 1.0, 'f1_score': 1.0, 'precision': 1.0, 'recall': 1.0, 'confusion_matrix': [[1425, 0], [0, 75]]}
2025-10-14 23:21:02,325 - __main__ - INFO - Evaluating logistic_regression...
2025-10-14 23:21:05,620 - __main__ - INFO - Model Evaluation Summary:
2025-10-14 23:21:05,620 - __main__ - INFO - {'roc_auc': 0.9952748538011695, 'pr_auc': 0.9642378583959792, 'f1_score': 0.8181818181818181, 'precision': 0.7128712871287128, 'recall': 0.96, 'confusion_matrix': [[1396, 29], [3, 72]]}
2025-10-14 23:21:05,620 - __main__ - INFO - Evaluating isolation_forest...
2025-10-14 23:21:05,741 - __main__ - INFO - Model Evaluation Summary:
2025-10-14 23:21:05,741 - __main__ - INFO - {'roc_auc': 0.323621052631579, 'pr_auc': 0.03532350959986043, 'f1_score': 0.0, 'precision': 0.0, 'recall': 0.0, 'confusion_matrix': [[1425, 0], [75, 0]]}
2025-10-14 23:21:05,742 - __main__ - WARNING - isolation_forest ROC-AUC (0.3236) esik degerin altinda (0.75)
2025-10-14 23:21:05,742 - __main__ - WARNING - isolation_forest PR-AUC (0.0353) esik degerin altinda (0.3)
2025-10-14 23:21:05,743 - __main__ - INFO - Evaluating lof...
2025-10-14 23:21:05,956 - __main__ - INFO - Model Evaluation Summary:
2025-10-14 23:21:05,956 - __main__ - INFO - {'roc_auc': 0.41087251461988306, 'pr_auc': 0.044105741156561434, 'f1_score': 0.0, 'precision': 0.0, 'recall': 0.0, 'confusion_matrix': [[1425, 0], [75, 0]]}
2025-10-14 23:21:05,958 - __main__ - WARNING - lof ROC-AUC (0.4109) esik degerin altinda (0.75)
2025-10-14 23:21:05,958 - __main__ - WARNING - lof PR-AUC (0.0441) esik degerin altinda (0.3)
2025-10-14 23:21:05,958 - __main__ - INFO - Model degerlendirme tamamlandi
2025-10-14 23:21:05,958 - __main__ - INFO - Best model: random_forest (ROC-AUC: 1.0000)
2025-10-14 23:21:05,959 - __main__ - WARNING - ModelExplainer mevcut degil - aciklanabilirlik atlaniliyor
2025-10-14 23:21:05,959 - __main__ - INFO - Full pipeline basariyla tamamlandi!
2025-10-14 23:26:37,299 - __main__ - INFO - MLflow configured - Experiment: fraud_detection
2025-10-14 23:26:37,299 - __main__ - INFO - Fraud Detection Pipeline initialized
2025-10-14 23:26:37,299 - __main__ - INFO - Full Fraud Detection Pipeline baslatiliyor...
2025-10-14 23:26:37,299 - __main__ - INFO - Synthetic fraud data olusturuluyor...
2025-10-14 23:26:37,315 - __main__ - INFO - Data dogrulama tamamlandi
2025-10-14 23:26:37,323 - __main__ - INFO - Data yuklendi - Train: 3500, Test: 1500
2025-10-14 23:26:37,324 - __main__ - INFO - Class dagilimi - Train: [3325  175], Test: [1425   75]
2025-10-14 23:26:37,324 - __main__ - INFO - Data on isleme baslatiliyor...
2025-10-14 23:26:37,356 - __main__ - INFO - On isleme tamamlandi - Feature sayisi: 17
2025-10-14 23:26:44,800 - __main__ - INFO - Class dengeleme tamamlandi (SMOTE) - Son Train boyutu: 6650
2025-10-14 23:26:44,800 - __main__ - INFO - Model egitimi baslatiliyor...
2025-10-14 23:26:44,894 - __main__ - INFO - Training random_forest...
2025-10-14 23:26:50,532 - __main__ - INFO - Training logistic_regression...
2025-10-14 23:26:54,674 - __main__ - INFO - Training isolation_forest...
2025-10-14 23:26:54,675 - __main__ - ERROR - isolation_forest model parametre hatasi: start_run() got an unexpected keyword argument 'auto_capture_output'. Model atlaniliyor.
2025-10-14 23:26:54,675 - __main__ - INFO - Training lof...
2025-10-14 23:26:58,118 - __main__ - INFO - Tum modeller basariyla egitildi
2025-10-14 23:26:58,122 - __main__ - INFO - Model degerlendirme baslatiliyor...
2025-10-14 23:26:58,122 - __main__ - INFO - Evaluating random_forest...
2025-10-14 23:27:01,427 - __main__ - INFO - Model Evaluation Summary:
2025-10-14 23:27:01,427 - __main__ - INFO - {'roc_auc': 1.0, 'pr_auc': 1.0, 'f1_score': 1.0, 'precision': 1.0, 'recall': 1.0, 'confusion_matrix': [[1425, 0], [0, 75]]}
2025-10-14 23:27:01,428 - __main__ - INFO - Evaluating logistic_regression...
2025-10-14 23:27:04,709 - __main__ - INFO - Model Evaluation Summary:
2025-10-14 23:27:04,709 - __main__ - INFO - {'roc_auc': 0.9952748538011695, 'pr_auc': 0.9642378583959792, 'f1_score': 0.8181818181818181, 'precision': 0.7128712871287128, 'recall': 0.96, 'confusion_matrix': [[1396, 29], [3, 72]]}
2025-10-14 23:27:04,710 - __main__ - INFO - Evaluating lof...
2025-10-14 23:27:04,908 - __main__ - INFO - Model Evaluation Summary:
2025-10-14 23:27:04,908 - __main__ - INFO - {'roc_auc': 0.41087251461988306, 'pr_auc': 0.044105741156561434, 'f1_score': 0.0, 'precision': 0.0, 'recall': 0.0, 'confusion_matrix': [[1425, 0], [75, 0]]}
2025-10-14 23:27:04,909 - __main__ - WARNING - lof ROC-AUC (0.4109) esik degerin altinda (0.75)
2025-10-14 23:27:04,910 - __main__ - WARNING - lof PR-AUC (0.0441) esik degerin altinda (0.3)
2025-10-14 23:27:04,910 - __main__ - INFO - Model degerlendirme tamamlandi
2025-10-14 23:27:04,910 - __main__ - INFO - Best model: random_forest (ROC-AUC: 1.0000)
2025-10-14 23:27:04,910 - __main__ - WARNING - ModelExplainer mevcut degil - aciklanabilirlik atlaniliyor
2025-10-14 23:27:04,911 - __main__ - INFO - Full pipeline basariyla tamamlandi!
2025-10-14 23:29:26,463 - __main__ - INFO - MLflow configured - Experiment: fraud_detection
2025-10-14 23:29:26,463 - __main__ - INFO - Fraud Detection Pipeline initialized
2025-10-14 23:29:26,463 - __main__ - INFO - Full Fraud Detection Pipeline baslatiliyor...
2025-10-14 23:29:26,463 - __main__ - INFO - Synthetic fraud data olusturuluyor...
2025-10-14 23:29:26,478 - __main__ - INFO - Data dogrulama tamamlandi
2025-10-14 23:29:26,482 - __main__ - INFO - Data yuklendi - Train: 3500, Test: 1500
2025-10-14 23:29:26,482 - __main__ - INFO - Class dagilimi - Train: [3325  175], Test: [1425   75]
2025-10-14 23:29:26,483 - __main__ - INFO - Data on isleme baslatiliyor...
2025-10-14 23:29:26,522 - __main__ - INFO - On isleme tamamlandi - Feature sayisi: 17
2025-10-14 23:29:33,906 - __main__ - INFO - Class dengeleme tamamlandi (SMOTE) - Son Train boyutu: 6650
2025-10-14 23:29:33,906 - __main__ - INFO - Model egitimi baslatiliyor...
2025-10-14 23:29:33,984 - __main__ - INFO - Training random_forest...
2025-10-14 23:29:39,770 - __main__ - INFO - Training logistic_regression...
2025-10-14 23:29:44,127 - __main__ - INFO - Training isolation_forest...
2025-10-14 23:29:48,038 - __main__ - INFO - Training lof...
2025-10-14 23:29:51,822 - __main__ - INFO - Tum modeller basariyla egitildi
2025-10-14 23:29:51,825 - __main__ - INFO - Model degerlendirme baslatiliyor...
2025-10-14 23:29:51,825 - __main__ - INFO - Evaluating random_forest...
2025-10-14 23:29:55,254 - __main__ - INFO - Model Evaluation Summary:
2025-10-14 23:29:55,255 - __main__ - INFO - {'roc_auc': 1.0, 'pr_auc': 1.0, 'f1_score': 1.0, 'precision': 1.0, 'recall': 1.0, 'confusion_matrix': [[1425, 0], [0, 75]]}
2025-10-14 23:29:55,256 - __main__ - INFO - Evaluating logistic_regression...
2025-10-14 23:29:58,560 - __main__ - INFO - Model Evaluation Summary:
2025-10-14 23:29:58,561 - __main__ - INFO - {'roc_auc': 0.9952748538011695, 'pr_auc': 0.9642378583959792, 'f1_score': 0.8181818181818181, 'precision': 0.7128712871287128, 'recall': 0.96, 'confusion_matrix': [[1396, 29], [3, 72]]}
2025-10-14 23:29:58,561 - __main__ - INFO - Evaluating isolation_forest...
2025-10-14 23:29:58,721 - __main__ - INFO - Model Evaluation Summary:
2025-10-14 23:29:58,721 - __main__ - INFO - {'roc_auc': 0.018395321637426902, 'pr_auc': 0.025881827338312353, 'f1_score': 0.0, 'precision': 0.0, 'recall': 0.0, 'confusion_matrix': [[1425, 0], [75, 0]]}
2025-10-14 23:29:58,721 - __main__ - WARNING - isolation_forest ROC-AUC (0.0184) esik degerin altinda (0.75)
2025-10-14 23:29:58,721 - __main__ - WARNING - isolation_forest PR-AUC (0.0259) esik degerin altinda (0.3)
2025-10-14 23:29:58,721 - __main__ - INFO - Evaluating lof...
2025-10-14 23:29:58,921 - __main__ - INFO - Model Evaluation Summary:
2025-10-14 23:29:58,921 - __main__ - INFO - {'roc_auc': 0.41087251461988306, 'pr_auc': 0.044105741156561434, 'f1_score': 0.0, 'precision': 0.0, 'recall': 0.0, 'confusion_matrix': [[1425, 0], [75, 0]]}
2025-10-14 23:29:58,921 - __main__ - WARNING - lof ROC-AUC (0.4109) esik degerin altinda (0.75)
2025-10-14 23:29:58,922 - __main__ - WARNING - lof PR-AUC (0.0441) esik degerin altinda (0.3)
2025-10-14 23:29:58,922 - __main__ - INFO - Model degerlendirme tamamlandi
2025-10-14 23:29:58,922 - __main__ - INFO - Best model: random_forest (ROC-AUC: 1.0000)
2025-10-14 23:29:58,922 - __main__ - WARNING - ModelExplainer mevcut degil - aciklanabilirlik atlaniliyor
2025-10-14 23:29:58,923 - __main__ - INFO - Full pipeline basariyla tamamlandi!
2025-10-14 23:45:46,123 - __main__ - INFO - MLflow configured - Experiment: fraud_detection
2025-10-14 23:45:46,123 - __main__ - INFO - Fraud Detection Pipeline initialized
2025-10-14 23:45:46,123 - __main__ - INFO - Full Fraud Detection Pipeline baslatiliyor...
2025-10-14 23:45:46,123 - __main__ - INFO - Synthetic fraud data olusturuluyor...
2025-10-14 23:45:46,123 - __main__ - INFO - Data dogrulama tamamlandi
2025-10-14 23:45:46,139 - __main__ - INFO - Data yuklendi - Train: 3500, Test: 1500
2025-10-14 23:45:46,140 - __main__ - INFO - Class dagilimi - Train: [3325  175], Test: [1425   75]
2025-10-14 23:45:46,141 - __main__ - INFO - Data on isleme baslatiliyor...
2025-10-14 23:45:46,171 - __main__ - INFO - On isleme tamamlandi - Feature sayisi: 17
2025-10-14 23:45:53,579 - __main__ - INFO - Class dengeleme tamamlandi (SMOTE) - Son Train boyutu: 6650
2025-10-14 23:45:53,579 - __main__ - INFO - Model egitimi baslatiliyor...
2025-10-14 23:45:53,672 - __main__ - INFO - Training random_forest...
2025-10-14 23:46:03,185 - __main__ - INFO - random_forest CV ROC-AUC: 1.0000 (+/- 0.0000)
2025-10-14 23:46:03,185 - __main__ - INFO - random_forest egitimi tamamlandi
2025-10-14 23:46:03,185 - __main__ - INFO - Training logistic_regression...
2025-10-14 23:46:08,909 - __main__ - INFO - logistic_regression CV ROC-AUC: 0.9478 (+/- 0.0837)
2025-10-14 23:46:08,909 - __main__ - INFO - logistic_regression egitimi tamamlandi
2025-10-14 23:46:08,909 - __main__ - INFO - Training isolation_forest...
2025-10-14 23:46:12,368 - __main__ - INFO - Training lof...
2025-10-14 23:46:16,038 - __main__ - INFO - lof egitimi tamamlandi
2025-10-14 23:46:16,038 - __main__ - INFO - Tum modeller basariyla egitildi
2025-10-14 23:46:16,038 - __main__ - INFO - Model degerlendirme baslatiliyor...
2025-10-14 23:46:16,038 - __main__ - INFO - Evaluating random_forest...
2025-10-14 23:46:19,327 - __main__ - INFO - Model Evaluation Summary:
2025-10-14 23:46:19,328 - __main__ - INFO - {'roc_auc': 1.0, 'pr_auc': 1.0, 'f1_score': 1.0, 'precision': 1.0, 'recall': 1.0, 'confusion_matrix': [[1425, 0], [0, 75]]}
2025-10-14 23:46:19,328 - __main__ - INFO - Evaluating logistic_regression...
2025-10-14 23:46:22,564 - __main__ - INFO - Model Evaluation Summary:
2025-10-14 23:46:22,564 - __main__ - INFO - {'roc_auc': 0.9952748538011695, 'pr_auc': 0.9642378583959792, 'f1_score': 0.8181818181818181, 'precision': 0.7128712871287128, 'recall': 0.96, 'confusion_matrix': [[1396, 29], [3, 72]]}
2025-10-14 23:46:22,564 - __main__ - INFO - Evaluating isolation_forest...
2025-10-14 23:46:22,729 - __main__ - INFO - Model Evaluation Summary:
2025-10-14 23:46:22,729 - __main__ - INFO - {'roc_auc': 0.9816046783625731, 'pr_auc': 0.8067262642770304, 'f1_score': 0.0, 'precision': 0.0, 'recall': 0.0, 'confusion_matrix': [[1425, 0], [75, 0]]}
2025-10-14 23:46:22,729 - __main__ - INFO - Evaluating lof...
2025-10-14 23:46:22,943 - __main__ - INFO - Model Evaluation Summary:
2025-10-14 23:46:22,943 - __main__ - INFO - {'roc_auc': 0.5891274853801169, 'pr_auc': 0.07252191059710673, 'f1_score': 0.0, 'precision': 0.0, 'recall': 0.0, 'confusion_matrix': [[1425, 0], [75, 0]]}
2025-10-14 23:46:22,943 - __main__ - WARNING - lof ROC-AUC (0.5891) esik degerin altinda (0.75)
2025-10-14 23:46:22,943 - __main__ - WARNING - lof PR-AUC (0.0725) esik degerin altinda (0.3)
2025-10-14 23:46:22,943 - __main__ - INFO - Model degerlendirme tamamlandi
2025-10-14 23:46:22,943 - __main__ - INFO - Best model: random_forest (ROC-AUC: 1.0000)
2025-10-14 23:46:22,943 - __main__ - WARNING - ModelExplainer mevcut degil - aciklanabilirlik atlaniliyor
2025-10-14 23:46:22,943 - __main__ - INFO - Full pipeline basariyla tamamlandi!
2025-10-14 23:53:07,136 - __main__ - INFO - MLflow configured - Experiment: fraud_detection
2025-10-14 23:53:07,136 - __main__ - INFO - Fraud Detection Pipeline initialized
2025-10-14 23:53:07,136 - __main__ - INFO - Full Fraud Detection Pipeline baslatiliyor...
2025-10-14 23:53:07,136 - __main__ - INFO - Synthetic fraud data olusturuluyor...
2025-10-14 23:53:07,152 - __main__ - INFO - Data dogrulama tamamlandi
2025-10-14 23:53:07,152 - __main__ - INFO - Data yuklendi - Train: 3500, Test: 1500
2025-10-14 23:53:07,152 - __main__ - INFO - Class dagilimi - Train: [3325  175], Test: [1425   75]
2025-10-14 23:53:07,152 - __main__ - INFO - Data on isleme baslatiliyor...
2025-10-14 23:53:07,189 - __main__ - INFO - On isleme tamamlandi - Feature sayisi: 17
2025-10-14 23:53:14,504 - __main__ - INFO - Class dengeleme tamamlandi (SMOTE) - Son Train boyutu: 6650
2025-10-14 23:53:14,505 - __main__ - INFO - Model egitimi baslatiliyor...
2025-10-14 23:53:14,586 - __main__ - INFO - Training random_forest...
2025-10-14 23:53:25,185 - __main__ - INFO - random_forest CV ROC-AUC: 1.0000 (+/- 0.0000)
2025-10-14 23:53:25,185 - __main__ - INFO - random_forest egitimi tamamlandi
2025-10-14 23:53:25,185 - __main__ - INFO - Training logistic_regression...
2025-10-14 23:53:31,568 - __main__ - INFO - logistic_regression CV ROC-AUC: 0.9478 (+/- 0.0837)
2025-10-14 23:53:31,568 - __main__ - INFO - logistic_regression egitimi tamamlandi
2025-10-14 23:53:31,568 - __main__ - INFO - Training isolation_forest...
2025-10-14 23:53:35,155 - __main__ - INFO - Training lof...
2025-10-14 23:53:38,674 - __main__ - INFO - lof egitimi tamamlandi
2025-10-14 23:53:38,674 - __main__ - INFO - Tum modeller basariyla egitildi
2025-10-14 23:53:38,682 - __main__ - INFO - Model degerlendirme baslatiliyor...
2025-10-14 23:53:38,682 - __main__ - INFO - Evaluating random_forest...
2025-10-14 23:53:38,862 - __main__ - ERROR - Pipeline hatasi: Invalid model name ('model/random_forest') provided. Model name must be a non-empty string and cannot contain the following characters: ('/', ':', '.', '%', '"', "'")
Traceback (most recent call last):
  File "D:\Yeni Masaüstü\Kairu\Kairu_DS360\ds360bootcamp_1\hafta4\fraud-detection\src\pipeline.py", line 710, in run_full_pipeline
    self.evaluate_models()
  File "D:\Yeni Masaüstü\Kairu\Kairu_DS360\ds360bootcamp_1\hafta4\fraud-detection\src\pipeline.py", line 482, in evaluate_models
    mlflow.sklearn.log_model(
  File "D:\Yeni Masaüstü\Kairu\Kairu_DS360\ds360bootcamp_1\venv_new\lib\site-packages\mlflow\sklearn\__init__.py", line 426, in log_model
    return Model.log(
  File "D:\Yeni Masaüstü\Kairu\Kairu_DS360\ds360bootcamp_1\venv_new\lib\site-packages\mlflow\models\model.py", line 1170, in log
    model = _create_logged_model(
  File "D:\Yeni Masaüstü\Kairu\Kairu_DS360\ds360bootcamp_1\venv_new\lib\site-packages\mlflow\tracking\fluent.py", line 2307, in _create_logged_model
    return MlflowClient()._create_logged_model(
  File "D:\Yeni Masaüstü\Kairu\Kairu_DS360\ds360bootcamp_1\venv_new\lib\site-packages\mlflow\tracking\client.py", line 5446, in _create_logged_model
    return self._tracking_client.create_logged_model(
  File "D:\Yeni Masaüstü\Kairu\Kairu_DS360\ds360bootcamp_1\venv_new\lib\site-packages\mlflow\telemetry\track.py", line 24, in wrapper
    return func(*args, **kwargs)
  File "D:\Yeni Masaüstü\Kairu\Kairu_DS360\ds360bootcamp_1\venv_new\lib\site-packages\mlflow\tracking\_tracking_service\client.py", line 869, in create_logged_model
    return self.store.create_logged_model(
  File "D:\Yeni Masaüstü\Kairu\Kairu_DS360\ds360bootcamp_1\venv_new\lib\site-packages\mlflow\store\tracking\file_store.py", line 2238, in create_logged_model
    _validate_logged_model_name(name)
  File "D:\Yeni Masaüstü\Kairu\Kairu_DS360\ds360bootcamp_1\venv_new\lib\site-packages\mlflow\utils\validation.py", line 666, in _validate_logged_model_name
    raise MlflowException(
mlflow.exceptions.MlflowException: Invalid model name ('model/random_forest') provided. Model name must be a non-empty string and cannot contain the following characters: ('/', ':', '.', '%', '"', "'")
2025-10-14 23:54:42,267 - __main__ - INFO - MLflow configured - Experiment: fraud_detection
2025-10-14 23:54:42,267 - __main__ - INFO - Fraud Detection Pipeline initialized
2025-10-14 23:54:42,267 - __main__ - INFO - Full Fraud Detection Pipeline baslatiliyor...
2025-10-14 23:54:42,267 - __main__ - INFO - Synthetic fraud data olusturuluyor...
2025-10-14 23:54:42,267 - __main__ - INFO - Data dogrulama tamamlandi
2025-10-14 23:54:42,285 - __main__ - INFO - Data yuklendi - Train: 3500, Test: 1500
2025-10-14 23:54:42,285 - __main__ - INFO - Class dagilimi - Train: [3325  175], Test: [1425   75]
2025-10-14 23:54:42,286 - __main__ - INFO - Data on isleme baslatiliyor...
2025-10-14 23:54:42,314 - __main__ - INFO - On isleme tamamlandi - Feature sayisi: 17
2025-10-14 23:54:49,466 - __main__ - INFO - Class dengeleme tamamlandi (SMOTE) - Son Train boyutu: 6650
2025-10-14 23:54:49,466 - __main__ - INFO - Model egitimi baslatiliyor...
2025-10-14 23:54:49,523 - __main__ - INFO - Training random_forest...
2025-10-14 23:54:59,264 - __main__ - INFO - random_forest CV ROC-AUC: 1.0000 (+/- 0.0000)
2025-10-14 23:54:59,264 - __main__ - INFO - random_forest egitimi tamamlandi
2025-10-14 23:54:59,265 - __main__ - INFO - Training logistic_regression...
2025-10-14 23:55:05,134 - __main__ - INFO - logistic_regression CV ROC-AUC: 0.9478 (+/- 0.0837)
2025-10-14 23:55:05,134 - __main__ - INFO - logistic_regression egitimi tamamlandi
2025-10-14 23:55:05,134 - __main__ - INFO - Training isolation_forest...
2025-10-14 23:55:08,815 - __main__ - INFO - Training lof...
2025-10-14 23:55:12,436 - __main__ - INFO - lof egitimi tamamlandi
2025-10-14 23:55:12,436 - __main__ - INFO - Tum modeller basariyla egitildi
2025-10-14 23:55:12,449 - __main__ - INFO - Model degerlendirme baslatiliyor...
2025-10-14 23:55:12,449 - __main__ - INFO - Evaluating random_forest...
2025-10-14 23:55:15,874 - __main__ - INFO - Model Evaluation Summary:
2025-10-14 23:55:15,874 - __main__ - INFO - {'roc_auc': 1.0, 'pr_auc': 1.0, 'f1_score': 1.0, 'precision': 1.0, 'recall': 1.0, 'confusion_matrix': [[1425, 0], [0, 75]]}
2025-10-14 23:55:15,875 - __main__ - INFO - Evaluating logistic_regression...
2025-10-14 23:55:19,237 - __main__ - INFO - Model Evaluation Summary:
2025-10-14 23:55:19,237 - __main__ - INFO - {'roc_auc': 0.9952748538011695, 'pr_auc': 0.9642378583959792, 'f1_score': 0.8181818181818181, 'precision': 0.7128712871287128, 'recall': 0.96, 'confusion_matrix': [[1396, 29], [3, 72]]}
2025-10-14 23:55:19,237 - __main__ - INFO - Evaluating isolation_forest...
2025-10-14 23:55:19,402 - __main__ - INFO - Model Evaluation Summary:
2025-10-14 23:55:19,403 - __main__ - INFO - {'roc_auc': 0.9816046783625731, 'pr_auc': 0.8067262642770304, 'f1_score': 0.0, 'precision': 0.0, 'recall': 0.0, 'confusion_matrix': [[1425, 0], [75, 0]]}
2025-10-14 23:55:19,403 - __main__ - INFO - Evaluating lof...
2025-10-14 23:55:19,585 - __main__ - INFO - Model Evaluation Summary:
2025-10-14 23:55:19,601 - __main__ - INFO - {'roc_auc': 0.5891274853801169, 'pr_auc': 0.07252191059710673, 'f1_score': 0.0, 'precision': 0.0, 'recall': 0.0, 'confusion_matrix': [[1425, 0], [75, 0]]}
2025-10-14 23:55:19,601 - __main__ - WARNING - lof ROC-AUC (0.5891) esik degerin altinda (0.75)
2025-10-14 23:55:19,601 - __main__ - WARNING - lof PR-AUC (0.0725) esik degerin altinda (0.3)
2025-10-14 23:55:19,601 - __main__ - INFO - Model degerlendirme tamamlandi
2025-10-14 23:55:19,601 - __main__ - INFO - Best model: random_forest (ROC-AUC: 1.0000)
2025-10-14 23:55:19,601 - __main__ - WARNING - ModelExplainer mevcut degil - aciklanabilirlik atlaniliyor
2025-10-14 23:55:19,601 - __main__ - INFO - Full pipeline basariyla tamamlandi!
2025-10-15 00:06:54,438 - __main__ - INFO - MLflow configured - Experiment: fraud_detection
2025-10-15 00:06:54,438 - __main__ - INFO - Fraud Detection Pipeline initialized
2025-10-15 00:06:54,438 - __main__ - INFO - Full Fraud Detection Pipeline baslatiliyor...
2025-10-15 00:06:54,438 - __main__ - INFO - Synthetic fraud data olusturuluyor...
2025-10-15 00:06:54,455 - __main__ - INFO - Data dogrulama tamamlandi
2025-10-15 00:06:54,461 - __main__ - INFO - Data yuklendi - Train: 3500, Test: 1500
2025-10-15 00:06:54,462 - __main__ - INFO - Class dagilimi - Train: [3325  175], Test: [1425   75]
2025-10-15 00:06:54,462 - __main__ - INFO - Data on isleme baslatiliyor...
2025-10-15 00:06:54,498 - __main__ - INFO - On isleme tamamlandi - Feature sayisi: 17
2025-10-15 00:07:01,960 - __main__ - INFO - Class dengeleme tamamlandi (SMOTE) - Son Train boyutu: 6650
2025-10-15 00:07:01,960 - __main__ - INFO - Model egitimi baslatiliyor...
2025-10-15 00:07:02,044 - __main__ - INFO - Training random_forest...
2025-10-15 00:07:11,644 - __main__ - INFO - random_forest CV ROC-AUC: 1.0000 (+/- 0.0000)
2025-10-15 00:07:11,644 - __main__ - INFO - random_forest egitimi tamamlandi
2025-10-15 00:07:11,644 - __main__ - INFO - Training logistic_regression...
2025-10-15 00:07:17,552 - __main__ - INFO - logistic_regression CV ROC-AUC: 0.9478 (+/- 0.0837)
2025-10-15 00:07:17,552 - __main__ - INFO - logistic_regression egitimi tamamlandi
2025-10-15 00:07:17,552 - __main__ - INFO - Training isolation_forest...
2025-10-15 00:07:20,967 - __main__ - INFO - Training lof...
2025-10-15 00:07:24,463 - __main__ - INFO - lof egitimi tamamlandi
2025-10-15 00:07:24,463 - __main__ - INFO - Tum modeller basariyla egitildi
2025-10-15 00:07:24,463 - __main__ - INFO - Model degerlendirme baslatiliyor...
2025-10-15 00:07:24,463 - __main__ - INFO - Evaluating random_forest...
2025-10-15 00:07:27,796 - __main__ - INFO - Model Evaluation Summary:
2025-10-15 00:07:27,797 - __main__ - INFO - {'roc_auc': 1.0, 'pr_auc': 1.0, 'f1_score': 1.0, 'precision': 1.0, 'recall': 1.0, 'confusion_matrix': [[1425, 0], [0, 75]]}
2025-10-15 00:07:27,797 - __main__ - INFO - Evaluating logistic_regression...
2025-10-15 00:07:31,100 - __main__ - INFO - Model Evaluation Summary:
2025-10-15 00:07:31,100 - __main__ - INFO - {'roc_auc': 0.9952748538011695, 'pr_auc': 0.9642378583959792, 'f1_score': 0.8181818181818181, 'precision': 0.7128712871287128, 'recall': 0.96, 'confusion_matrix': [[1396, 29], [3, 72]]}
2025-10-15 00:07:31,100 - __main__ - INFO - Evaluating isolation_forest...
2025-10-15 00:07:31,269 - __main__ - INFO - Model Evaluation Summary:
2025-10-15 00:07:31,269 - __main__ - INFO - {'roc_auc': 0.9816046783625731, 'pr_auc': 0.8067262642770304, 'f1_score': 0.0, 'precision': 0.0, 'recall': 0.0, 'confusion_matrix': [[1425, 0], [75, 0]]}
2025-10-15 00:07:31,269 - __main__ - INFO - Evaluating lof...
2025-10-15 00:07:31,480 - __main__ - INFO - Model Evaluation Summary:
2025-10-15 00:07:31,481 - __main__ - INFO - {'roc_auc': 0.5891274853801169, 'pr_auc': 0.07252191059710673, 'f1_score': 0.0, 'precision': 0.0, 'recall': 0.0, 'confusion_matrix': [[1425, 0], [75, 0]]}
2025-10-15 00:07:31,481 - __main__ - WARNING - lof ROC-AUC (0.5891) esik degerin altinda (0.75)
2025-10-15 00:07:31,481 - __main__ - WARNING - lof PR-AUC (0.0725) esik degerin altinda (0.3)
2025-10-15 00:07:31,482 - __main__ - INFO - Model degerlendirme tamamlandi
2025-10-15 00:07:31,483 - __main__ - INFO - Best model: random_forest (ROC-AUC: 1.0000)
2025-10-15 00:07:31,483 - __main__ - WARNING - ModelExplainer mevcut degil - aciklanabilirlik atlaniliyor
2025-10-15 00:07:31,483 - __main__ - INFO - Full pipeline basariyla tamamlandi!
